# JRE version: OpenJDK Runtime Environment (14.0.2+12) (build 14.0.2+12-46)
# Java VM: OpenJDK 64-Bit Server VM (14.0.2+12-46, mixed mode, tiered, compressed oops, g1 gc, windows-amd64)
Heap:
 garbage-first heap   total 73728K, used 41958K [0x0000000082400000, 0x0000000100000000)
  region size 1024K, 18 young (18432K), 4 survivors (4096K)
 Metaspace       used 57700K, capacity 59118K, committed 59392K, reserved 1101824K
  class space    used 7017K, capacity 7588K, committed 7680K, reserved 1048576K
GC Heap History (20 events):
Event: 2.847 GC heap before
{Heap before GC invocations=9 (full 0):
 garbage-first heap   total 54272K, used 41425K [0x0000000082400000, 0x0000000100000000)
  region size 1024K, 29 young (29696K), 2 survivors (2048K)
 Metaspace       used 31615K, capacity 32446K, committed 32640K, reserved 1077248K
  class space    used 3593K, capacity 3916K, committed 3968K, reserved 1048576K
}
Event: 2.851 GC heap after
{Heap after GC invocations=10 (full 0):
 garbage-first heap   total 54272K, used 14844K [0x0000000082400000, 0x0000000100000000)
  region size 1024K, 3 young (3072K), 3 survivors (3072K)
 Metaspace       used 31615K, capacity 32446K, committed 32640K, reserved 1077248K
  class space    used 3593K, capacity 3916K, committed 3968K, reserved 1048576K
}
Event: 3.284 GC heap before
{Heap before GC invocations=10 (full 0):
 garbage-first heap   total 54272K, used 41468K [0x0000000082400000, 0x0000000100000000)
  region size 1024K, 29 young (29696K), 3 survivors (3072K)
 Metaspace       used 34049K, capacity 34944K, committed 35072K, reserved 1079296K
  class space    used 3930K, capacity 4295K, committed 4352K, reserved 1048576K
}
Event: 3.295 GC heap after
{Heap after GC invocations=11 (full 0):
 garbage-first heap   total 54272K, used 15516K [0x0000000082400000, 0x0000000100000000)
  region size 1024K, 3 young (3072K), 3 survivors (3072K)
 Metaspace       used 34049K, capacity 34944K, committed 35072K, reserved 1079296K
  class space    used 3930K, capacity 4295K, committed 4352K, reserved 1048576K
}
Event: 3.415 GC heap before
{Heap before GC invocations=11 (full 0):
 garbage-first heap   total 54272K, used 23708K [0x0000000082400000, 0x0000000100000000)
  region size 1024K, 12 young (12288K), 3 survivors (3072K)
 Metaspace       used 34795K, capacity 35768K, committed 35840K, reserved 1081344K
  class space    used 4045K, capacity 4444K, committed 4480K, reserved 1048576K
}
Event: 3.420 GC heap after
{Heap after GC invocations=12 (full 0):
 garbage-first heap   total 65536K, used 15778K [0x0000000082400000, 0x0000000100000000)
  region size 1024K, 2 young (2048K), 2 survivors (2048K)
 Metaspace       used 34795K, capacity 35768K, committed 35840K, reserved 1081344K
  class space    used 4045K, capacity 4444K, committed 4480K, reserved 1048576K
}
Event: 3.843 GC heap before
{Heap before GC invocations=13 (full 0):
 garbage-first heap   total 61440K, used 50594K [0x0000000082400000, 0x0000000100000000)
  region size 1024K, 36 young (36864K), 2 survivors (2048K)
 Metaspace       used 38310K, capacity 39340K, committed 39552K, reserved 1083392K
  class space    used 4500K, capacity 4924K, committed 4992K, reserved 1048576K
}
Event: 3.852 GC heap after
{Heap after GC invocations=14 (full 0):
 garbage-first heap   total 61440K, used 17623K [0x0000000082400000, 0x0000000100000000)
  region size 1024K, 4 young (4096K), 4 survivors (4096K)
 Metaspace       used 38310K, capacity 39340K, committed 39552K, reserved 1083392K
  class space    used 4500K, capacity 4924K, committed 4992K, reserved 1048576K
}
Event: 4.295 GC heap before
{Heap before GC invocations=14 (full 0):
 garbage-first heap   total 61440K, used 47319K [0x0000000082400000, 0x0000000100000000)
  region size 1024K, 34 young (34816K), 4 survivors (4096K)
 Metaspace       used 41380K, capacity 42526K, committed 42752K, reserved 1087488K
  class space    used 4851K, capacity 5301K, committed 5376K, reserved 1048576K
}
Event: 4.301 GC heap after
{Heap after GC invocations=15 (full 0):
 garbage-first heap   total 61440K, used 19144K [0x0000000082400000, 0x0000000100000000)
  region size 1024K, 4 young (4096K), 4 survivors (4096K)
 Metaspace       used 41380K, capacity 42526K, committed 42752K, reserved 1087488K
  class space    used 4851K, capacity 5301K, committed 5376K, reserved 1048576K
}
Event: 4.645 GC heap before
{Heap before GC invocations=15 (full 0):
 garbage-first heap   total 61440K, used 47816K [0x0000000082400000, 0x0000000100000000)
  region size 1024K, 33 young (33792K), 4 survivors (4096K)
 Metaspace       used 44741K, capacity 45834K, committed 46080K, reserved 1089536K
  class space    used 5383K, capacity 5849K, committed 5888K, reserved 1048576K
}
Event: 4.652 GC heap after
{Heap after GC invocations=16 (full 0):
 garbage-first heap   total 61440K, used 20795K [0x0000000082400000, 0x0000000100000000)
  region size 1024K, 4 young (4096K), 4 survivors (4096K)
 Metaspace       used 44741K, capacity 45834K, committed 46080K, reserved 1089536K
  class space    used 5383K, capacity 5849K, committed 5888K, reserved 1048576K
}
Event: 5.015 GC heap before
{Heap before GC invocations=16 (full 0):
 garbage-first heap   total 61440K, used 47419K [0x0000000082400000, 0x0000000100000000)
  region size 1024K, 30 young (30720K), 4 survivors (4096K)
 Metaspace       used 46625K, capacity 47872K, committed 48000K, reserved 1091584K
  class space    used 5734K, capacity 6251K, committed 6272K, reserved 1048576K
}
Event: 5.022 GC heap after
{Heap after GC invocations=17 (full 0):
 garbage-first heap   total 73728K, used 22117K [0x0000000082400000, 0x0000000100000000)
  region size 1024K, 3 young (3072K), 3 survivors (3072K)
 Metaspace       used 46625K, capacity 47872K, committed 48000K, reserved 1091584K
  class space    used 5734K, capacity 6251K, committed 6272K, reserved 1048576K
}
Event: 5.323 GC heap before
{Heap before GC invocations=17 (full 0):
 garbage-first heap   total 73728K, used 56933K [0x0000000082400000, 0x0000000100000000)
  region size 1024K, 38 young (38912K), 3 survivors (3072K)
 Metaspace       used 50423K, capacity 51679K, committed 51840K, reserved 1093632K
  class space    used 6182K, capacity 6689K, committed 6784K, reserved 1048576K
}
Event: 5.330 GC heap after
{Heap after GC invocations=18 (full 0):
 garbage-first heap   total 73728K, used 25246K [0x0000000082400000, 0x0000000100000000)
  region size 1024K, 5 young (5120K), 5 survivors (5120K)
 Metaspace       used 50423K, capacity 51679K, committed 51840K, reserved 1093632K
  class space    used 6182K, capacity 6689K, committed 6784K, reserved 1048576K
}
Event: 5.683 GC heap before
{Heap before GC invocations=18 (full 0):
 garbage-first heap   total 73728K, used 56990K [0x0000000082400000, 0x0000000100000000)
  region size 1024K, 36 young (36864K), 5 survivors (5120K)
 Metaspace       used 52902K, capacity 54229K, committed 54400K, reserved 1097728K
  class space    used 6476K, capacity 7023K, committed 7040K, reserved 1048576K
}
Event: 5.691 GC heap after
{Heap after GC invocations=19 (full 0):
 garbage-first heap   total 73728K, used 26940K [0x0000000082400000, 0x0000000100000000)
  region size 1024K, 2 young (2048K), 2 survivors (2048K)
 Metaspace       used 52902K, capacity 54229K, committed 54400K, reserved 1097728K
  class space    used 6476K, capacity 7023K, committed 7040K, reserved 1048576K
}
Event: 5.966 GC heap before
{Heap before GC invocations=19 (full 0):
 garbage-first heap   total 73728K, used 59708K [0x0000000082400000, 0x0000000100000000)
  region size 1024K, 32 young (32768K), 2 survivors (2048K)
 Metaspace       used 56459K, capacity 57842K, committed 57856K, reserved 1099776K
  class space    used 6848K, capacity 7416K, committed 7424K, reserved 1048576K
}
Event: 5.973 GC heap after
{Heap after GC invocations=20 (full 0):
 garbage-first heap   total 73728K, used 28646K [0x0000000082400000, 0x0000000100000000)
  region size 1024K, 4 young (4096K), 4 survivors (4096K)
 Metaspace       used 56459K, capacity 57842K, committed 57856K, reserved 1099776K
  class space    used 6848K, capacity 7416K, committed 7424K, reserved 1048576K
}

