# JRE version: OpenJDK Runtime Environment (14.0.2+12) (build 14.0.2+12-46)
# Java VM: OpenJDK 64-Bit Server VM (14.0.2+12-46, mixed mode, tiered, compressed oops, g1 gc, windows-amd64)
Heap:
 garbage-first heap   total 71680K, used 38347K [0x0000000082400000, 0x0000000100000000)
  region size 1024K, 20 young (20480K), 3 survivors (3072K)
 Metaspace       used 47867K, capacity 49171K, committed 49280K, reserved 1091584K
  class space    used 5925K, capacity 6426K, committed 6528K, reserved 1048576K
GC Heap History (20 events):
Event: 2.610 GC heap before
{Heap before GC invocations=7 (full 0):
 garbage-first heap   total 40960K, used 29650K [0x0000000082400000, 0x0000000100000000)
  region size 1024K, 19 young (19456K), 2 survivors (2048K)
 Metaspace       used 30151K, capacity 30958K, committed 31232K, reserved 1077248K
  class space    used 3441K, capacity 3749K, committed 3840K, reserved 1048576K
}
Event: 2.614 GC heap after
{Heap after GC invocations=8 (full 0):
 garbage-first heap   total 49152K, used 13290K [0x0000000082400000, 0x0000000100000000)
  region size 1024K, 3 young (3072K), 3 survivors (3072K)
 Metaspace       used 30151K, capacity 30958K, committed 31232K, reserved 1077248K
  class space    used 3441K, capacity 3749K, committed 3840K, reserved 1048576K
}
Event: 2.628 GC heap before
{Heap before GC invocations=8 (full 0):
 garbage-first heap   total 49152K, used 34794K [0x0000000082400000, 0x0000000100000000)
  region size 1024K, 25 young (25600K), 3 survivors (3072K)
 Metaspace       used 30190K, capacity 30990K, committed 31232K, reserved 1077248K
  class space    used 3446K, capacity 3781K, committed 3840K, reserved 1048576K
}
Event: 2.631 GC heap after
{Heap after GC invocations=9 (full 0):
 garbage-first heap   total 49152K, used 13486K [0x0000000082400000, 0x0000000100000000)
  region size 1024K, 3 young (3072K), 3 survivors (3072K)
 Metaspace       used 30190K, capacity 30990K, committed 31232K, reserved 1077248K
  class space    used 3446K, capacity 3781K, committed 3840K, reserved 1048576K
}
Event: 2.759 GC heap before
{Heap before GC invocations=9 (full 0):
 garbage-first heap   total 49152K, used 36014K [0x0000000082400000, 0x0000000100000000)
  region size 1024K, 26 young (26624K), 3 survivors (3072K)
 Metaspace       used 30886K, capacity 31748K, committed 31872K, reserved 1077248K
  class space    used 3526K, capacity 3863K, committed 3968K, reserved 1048576K
}
Event: 2.762 GC heap after
{Heap after GC invocations=10 (full 0):
 garbage-first heap   total 49152K, used 14041K [0x0000000082400000, 0x0000000100000000)
  region size 1024K, 2 young (2048K), 2 survivors (2048K)
 Metaspace       used 30886K, capacity 31748K, committed 31872K, reserved 1077248K
  class space    used 3526K, capacity 3863K, committed 3968K, reserved 1048576K
}
Event: 3.243 GC heap before
{Heap before GC invocations=10 (full 0):
 garbage-first heap   total 49152K, used 37593K [0x0000000082400000, 0x0000000100000000)
  region size 1024K, 25 young (25600K), 2 survivors (2048K)
 Metaspace       used 31763K, capacity 32616K, committed 32640K, reserved 1077248K
  class space    used 3606K, capacity 3951K, committed 3968K, reserved 1048576K
}
Event: 3.250 GC heap after
{Heap after GC invocations=11 (full 0):
 garbage-first heap   total 49152K, used 14697K [0x0000000082400000, 0x0000000100000000)
  region size 1024K, 3 young (3072K), 3 survivors (3072K)
 Metaspace       used 31763K, capacity 32616K, committed 32640K, reserved 1077248K
  class space    used 3606K, capacity 3951K, committed 3968K, reserved 1048576K
}
Event: 3.926 GC heap before
{Heap before GC invocations=11 (full 0):
 garbage-first heap   total 49152K, used 37225K [0x0000000082400000, 0x0000000100000000)
  region size 1024K, 26 young (26624K), 3 survivors (3072K)
 Metaspace       used 34008K, capacity 34980K, committed 35072K, reserved 1079296K
  class space    used 3918K, capacity 4329K, committed 4352K, reserved 1048576K
}
Event: 3.934 GC heap after
{Heap after GC invocations=12 (full 0):
 garbage-first heap   total 49152K, used 15441K [0x0000000082400000, 0x0000000100000000)
  region size 1024K, 3 young (3072K), 3 survivors (3072K)
 Metaspace       used 34008K, capacity 34980K, committed 35072K, reserved 1079296K
  class space    used 3918K, capacity 4329K, committed 4352K, reserved 1048576K
}
Event: 4.179 GC heap before
{Heap before GC invocations=12 (full 0):
 garbage-first heap   total 49152K, used 25681K [0x0000000082400000, 0x0000000100000000)
  region size 1024K, 14 young (14336K), 3 survivors (3072K)
 Metaspace       used 34856K, capacity 35779K, committed 35840K, reserved 1081344K
  class space    used 4046K, capacity 4447K, committed 4480K, reserved 1048576K
}
Event: 4.186 GC heap after
{Heap after GC invocations=13 (full 0):
 garbage-first heap   total 59392K, used 15888K [0x0000000082400000, 0x0000000100000000)
  region size 1024K, 3 young (3072K), 3 survivors (3072K)
 Metaspace       used 34856K, capacity 35779K, committed 35840K, reserved 1081344K
  class space    used 4046K, capacity 4447K, committed 4480K, reserved 1048576K
}
Event: 4.818 GC heap before
{Heap before GC invocations=14 (full 0):
 garbage-first heap   total 59392K, used 47632K [0x0000000082400000, 0x0000000100000000)
  region size 1024K, 34 young (34816K), 3 survivors (3072K)
 Metaspace       used 38130K, capacity 39177K, committed 39296K, reserved 1083392K
  class space    used 4475K, capacity 4912K, committed 4992K, reserved 1048576K
}
Event: 4.828 GC heap after
{Heap after GC invocations=15 (full 0):
 garbage-first heap   total 59392K, used 17141K [0x0000000082400000, 0x0000000100000000)
  region size 1024K, 4 young (4096K), 4 survivors (4096K)
 Metaspace       used 38130K, capacity 39177K, committed 39296K, reserved 1083392K
  class space    used 4475K, capacity 4912K, committed 4992K, reserved 1048576K
}
Event: 5.371 GC heap before
{Heap before GC invocations=15 (full 0):
 garbage-first heap   total 59392K, used 46837K [0x0000000082400000, 0x0000000100000000)
  region size 1024K, 34 young (34816K), 4 survivors (4096K)
 Metaspace       used 41084K, capacity 42194K, committed 42368K, reserved 1087488K
  class space    used 4803K, capacity 5235K, committed 5248K, reserved 1048576K
}
Event: 5.378 GC heap after
{Heap after GC invocations=16 (full 0):
 garbage-first heap   total 59392K, used 18817K [0x0000000082400000, 0x0000000100000000)
  region size 1024K, 4 young (4096K), 4 survivors (4096K)
 Metaspace       used 41084K, capacity 42194K, committed 42368K, reserved 1087488K
  class space    used 4803K, capacity 5235K, committed 5248K, reserved 1048576K
}
Event: 5.738 GC heap before
{Heap before GC invocations=16 (full 0):
 garbage-first heap   total 59392K, used 46465K [0x0000000082400000, 0x0000000100000000)
  region size 1024K, 32 young (32768K), 4 survivors (4096K)
 Metaspace       used 44374K, capacity 45434K, committed 45568K, reserved 1089536K
  class space    used 5327K, capacity 5781K, committed 5888K, reserved 1048576K
}
Event: 5.746 GC heap after
{Heap after GC invocations=17 (full 0):
 garbage-first heap   total 59392K, used 20396K [0x0000000082400000, 0x0000000100000000)
  region size 1024K, 4 young (4096K), 4 survivors (4096K)
 Metaspace       used 44374K, capacity 45434K, committed 45568K, reserved 1089536K
  class space    used 5327K, capacity 5781K, committed 5888K, reserved 1048576K
}
Event: 6.126 GC heap before
{Heap before GC invocations=17 (full 0):
 garbage-first heap   total 59392K, used 48044K [0x0000000082400000, 0x0000000100000000)
  region size 1024K, 31 young (31744K), 4 survivors (4096K)
 Metaspace       used 46072K, capacity 47290K, committed 47360K, reserved 1091584K
  class space    used 5606K, capacity 6122K, committed 6144K, reserved 1048576K
}
Event: 6.133 GC heap after
{Heap after GC invocations=18 (full 0):
 garbage-first heap   total 71680K, used 21963K [0x0000000082400000, 0x0000000100000000)
  region size 1024K, 3 young (3072K), 3 survivors (3072K)
 Metaspace       used 46072K, capacity 47290K, committed 47360K, reserved 1091584K
  class space    used 5606K, capacity 6122K, committed 6144K, reserved 1048576K
}

